<?xml version="1.0" encoding="UTF-8"?>
<!-- Generated by org.testng.reporters.JUnitReportReporter -->
<testsuite hostname="PATAPL-R0W9FH05" name="sreekanth.MavenTest2.AppTest" tests="1" failures="0" timestamp="31 May 2016 14:40:40 GMT" time="0.001" errors="0">
  <testcase name="duringTest" time="0.001" classname="sreekanth.MavenTest2.AppTest"/>
</testsuite> <!-- sreekanth.MavenTest2.AppTest -->
